<?xml version="1.0" encoding="UTF-8"?>
<testng-results skipped="0" failed="0" ignored="0" total="1" passed="1">
  <reporter-output>
  </reporter-output>
  <suite name="Default suite" duration-ms="88977" started-at="2021-04-07T09:18:29Z" finished-at="2021-04-07T09:19:58Z">
    <groups>
    </groups>
    <test name="Default test" duration-ms="88977" started-at="2021-04-07T09:18:29Z" finished-at="2021-04-07T09:19:58Z">
      <class name="AdminSearchCompanies">
        <test-method status="PASS" signature="addcompany()[pri:0, instance:AdminSearchCompanies@51efea79]" name="addcompany" duration-ms="88935" started-at="2021-04-07T09:18:29Z" finished-at="2021-04-07T09:19:58Z">
          <reporter-output>
          </reporter-output>
        </test-method> <!-- addcompany -->
      </class> <!-- AdminSearchCompanies -->
    </test> <!-- Default test -->
  </suite> <!-- Default suite -->
</testng-results>
